[debug] [2021-12-07T04:57:14.284Z] ----------------------------------------------------------------------
[debug] [2021-12-07T04:57:14.290Z] Command:       C:\Program Files\nodejs\node.exe C:\Users\Swati\AppData\Roaming\npm\node_modules\firebase-tools\lib\bin\firebase.js init
[debug] [2021-12-07T04:57:14.291Z] CLI Version:   9.23.0
[debug] [2021-12-07T04:57:14.291Z] Platform:      win32
[debug] [2021-12-07T04:57:14.291Z] Node Version:  v12.13.1
[debug] [2021-12-07T04:57:14.294Z] Time:          Tue Dec 07 2021 10:27:14 GMT+0530 (India Standard Time)
[debug] [2021-12-07T04:57:14.294Z] ----------------------------------------------------------------------
[debug] 
[debug] [2021-12-07T04:57:14.405Z] > command requires scopes: ["email","openid","https://www.googleapis.com/auth/cloudplatformprojects.readonly","https://www.googleapis.com/auth/firebase","https://www.googleapis.com/auth/cloud-platform"]
[debug] [2021-12-07T04:57:14.406Z] > authorizing via signed-in user (abhisheksharma.dsc@gmail.com)
[info] 
     ######## #### ########  ######## ########     ###     ######  ########
     ##        ##  ##     ## ##       ##     ##  ##   ##  ##       ##
     ######    ##  ########  ######   ########  #########  ######  ######
     ##        ##  ##    ##  ##       ##     ## ##     ##       ## ##
     ##       #### ##     ## ######## ########  ##     ##  ######  ########

You're about to initialize a Firebase project in this directory:

  C:\Users\Swati\Downloads\Files_downloaded_by_AirDroid\my-app

[info] 
=== Project Setup
[info] 
[info] First, let's associate this project directory with a Firebase project.
[info] You can create multiple project aliases by running firebase use --add, 
[info] but for now we'll just set up a default project.
[info] 
[info] i  If you want to create a project in a Google Cloud organization or folder, please use "firebase projects:create" instead, and return to this command when you've created the project. 
[debug] [2021-12-07T05:01:46.998Z] ----------------------------------------------------------------------
[debug] [2021-12-07T05:01:47.009Z] Command:       C:\Program Files\nodejs\node.exe C:\Users\Swati\AppData\Roaming\npm\node_modules\firebase-tools\lib\bin\firebase.js init
[debug] [2021-12-07T05:01:47.010Z] CLI Version:   9.23.0
[debug] [2021-12-07T05:01:47.010Z] Platform:      win32
[debug] [2021-12-07T05:01:47.011Z] Node Version:  v12.13.1
[debug] [2021-12-07T05:01:47.013Z] Time:          Tue Dec 07 2021 10:31:47 GMT+0530 (India Standard Time)
[debug] [2021-12-07T05:01:47.014Z] ----------------------------------------------------------------------
[debug] 
[debug] [2021-12-07T05:01:47.066Z] > command requires scopes: ["email","openid","https://www.googleapis.com/auth/cloudplatformprojects.readonly","https://www.googleapis.com/auth/firebase","https://www.googleapis.com/auth/cloud-platform"]
[debug] [2021-12-07T05:01:47.066Z] > authorizing via signed-in user (abhisheksharma.dsc@gmail.com)
[info] 
     ######## #### ########  ######## ########     ###     ######  ########
     ##        ##  ##     ## ##       ##     ##  ##   ##  ##       ##
     ######    ##  ########  ######   ########  #########  ######  ######
     ##        ##  ##    ##  ##       ##     ## ##     ##       ## ##
     ##       #### ##     ## ######## ########  ##     ##  ######  ########

You're about to initialize a Firebase project in this directory:

  C:\Users\Swati\Downloads\Files_downloaded_by_AirDroid\my-app

[info] 
=== Project Setup
[info] 
[info] First, let's associate this project directory with a Firebase project.
[info] You can create multiple project aliases by running firebase use --add, 
[info] but for now we'll just set up a default project.
[info] 
[debug] [2021-12-07T05:02:11.186Z] >>> [apiv2][query] GET https://firebase.googleapis.com/v1beta1/projects pageSize=100
[debug] [2021-12-07T05:02:12.626Z] <<< [apiv2][status] GET https://firebase.googleapis.com/v1beta1/projects 200
[debug] [2021-12-07T05:02:12.626Z] <<< [apiv2][body] GET https://firebase.googleapis.com/v1beta1/projects [omitted]
[info] i  Using project cryptoverse-fa75e (cryptoverse) 
[info] 
=== Hosting Setup
[info] 
[info] Your public directory is the folder (relative to your project directory) that
[info] will contain Hosting assets to be uploaded with firebase deploy. If you
[info] have a build process for your assets, use your build's output directory.
[info] 
[debug] [2021-12-07T05:11:54.903Z] >>> [apiv2][query] GET https://www.gstatic.com/firebasejs/releases.json [none]
[debug] [2021-12-07T05:11:55.341Z] <<< [apiv2][status] GET https://www.gstatic.com/firebasejs/releases.json 200
[debug] [2021-12-07T05:11:55.342Z] <<< [apiv2][body] GET https://www.gstatic.com/firebasejs/releases.json {"current":{"version":"9.6.0","browserURL":"https://www.gstatic.com/firebasejs/9.6.0/firebase.js","packageURL":"https://www.gstatic.com/firebasejs/9.6.0/firebase.tgz"},"live":{"version":"9.6","browserURL":"https://www.gstatic.com/firebasejs/live/9.6/firebase.js","packageURL":"https://www.gstatic.com/firebasejs/live/9.6/firebase.tgz"},"components":{"analytics":"https://www.gstatic.com/firebasejs/9.6.0/firebase-analytics.js","app":"https://www.gstatic.com/firebasejs/9.6.0/firebase-app.js","app-check":"https://www.gstatic.com/firebasejs/9.6.0/firebase-app-check.js","auth":"https://www.gstatic.com/firebasejs/9.6.0/firebase-auth.js","auth/cordova":"https://www.gstatic.com/firebasejs/9.6.0/firebase-auth/cordova.js","auth/react-native":"https://www.gstatic.com/firebasejs/9.6.0/firebase-auth/react-native.js","functions":"https://www.gstatic.com/firebasejs/9.6.0/firebase-functions.js","firestore":"https://www.gstatic.com/firebasejs/9.6.0/firebase-firestore.js","firestore/lite":"https://www.gstatic.com/firebasejs/9.6.0/firebase-firestore/lite.js","storage":"https://www.gstatic.com/firebasejs/9.6.0/firebase-storage.js","performance":"https://www.gstatic.com/firebasejs/9.6.0/firebase-performance.js","remote-config":"https://www.gstatic.com/firebasejs/9.6.0/firebase-remote-config.js","messaging":"https://www.gstatic.com/firebasejs/9.6.0/firebase-messaging.js","messaging/sw":"https://www.gstatic.com/firebasejs/9.6.0/firebase-messaging/sw.js","database":"https://www.gstatic.com/firebasejs/9.6.0/firebase-database.js","firestore.memory":"https://www.gstatic.com/firebasejs/9.6.0/firebase-firestore.memory.js"}}
